# Preference setting overrides
gui_create_pref_key -category {Globals} -key {load_detail_for_funcov} -value_type {bool} -value {false}

# State setting overrides
gui_state_default_create -off -ini
gui_set_state_value -category Layout -key child_console_size_x -value 852
gui_set_state_value -category Layout -key child_console_size_y -value 169
gui_set_state_value -category Layout -key child_data_size_x -value 164
gui_set_state_value -category Layout -key child_data_size_y -value 339
gui_set_state_value -category Layout -key child_hier_col3 -value {-1}
gui_set_state_value -category Layout -key child_hier_colpd -value 0
gui_set_state_value -category Layout -key child_hier_size_x -value 164
gui_set_state_value -category Layout -key child_hier_size_y -value 339
gui_set_state_value -category Layout -key child_source_docknewline -value false
gui_set_state_value -category Layout -key child_source_pos_x -value {-2}
gui_set_state_value -category Layout -key child_source_pos_y -value {-15}
gui_set_state_value -category Layout -key child_source_size_x -value 527
gui_set_state_value -category Layout -key child_source_size_y -value 334
gui_set_state_value -category Layout -key child_wave_colname -value 113
gui_set_state_value -category Layout -key child_wave_colvalue -value 113
gui_set_state_value -category Layout -key child_wave_left -value 231
gui_set_state_value -category Layout -key child_wave_right -value 562
gui_set_state_value -category Layout -key main_pos_x -value 9
gui_set_state_value -category Layout -key main_pos_y -value 140
gui_set_state_value -category Layout -key main_size_x -value 861
gui_set_state_value -category Layout -key main_size_y -value 789
gui_set_state_value -category Layout -key stand_wave_child_docknewline -value false
gui_set_state_value -category Layout -key stand_wave_child_pos_x -value {-2}
gui_set_state_value -category Layout -key stand_wave_child_pos_y -value {-15}
gui_set_state_value -category Layout -key stand_wave_child_size_x -value 803
gui_set_state_value -category Layout -key stand_wave_child_size_y -value 507
gui_set_state_value -category Layout -key stand_wave_top_pos_x -value 1
gui_set_state_value -category Layout -key stand_wave_top_pos_y -value 212
gui_set_state_value -category Layout -key stand_wave_top_size_x -value 799
gui_set_state_value -category Layout -key stand_wave_top_size_y -value 865
gui_create_state_key -category FindDialog -key m_pMatchCase -value_type bool -value false
gui_create_state_key -category FindDialog -key m_pMatchWord -value_type bool -value false
gui_create_state_key -category FindDialog -key m_pUseCombo -value_type string -value {}
gui_create_state_key -category FindDialog -key m_pWrapAround -value_type bool -value true
gui_create_state_key -category Widget_History -key {dlgSimSetup|m_setupTab|tab pages|BuildTab|m_rebuildBtnGroup|m_customCmdCombo} -value_type string -value {{vcs -full64 -debug_accessa+all fba_tb.v four_bit_adder.v full_adder.v}}
gui_create_state_key -category Widget_History -key {dlgSimSetup|m_setupTab|tab pages|SimTab|m_VPDCombo} -value_type string -value inter.vpd
gui_create_state_key -category Widget_History -key {dlgSimSetup|m_setupTab|tab pages|SimTab|m_curDirCombo} -value_type string -value /DCNFS/users/student/lkim/TEST
gui_create_state_key -category Widget_History -key {dlgSimSetup|m_setupTab|tab pages|SimTab|m_exeCombo} -value_type string -value ./simv
gui_state_default_create -off

# Begin command logging
gui_sim_run Ucli -exe ./simv -args {-ucligui  } -dir .
gui_list_select -id Data.1 -selected  { {tb.BCD0[3:0]}  {tb.BCD1[3:0]}   }
gui_open_window Wave
gui_list_add -id Wave.1 -from Data.1 { {tb.BCD0[3:0]} {tb.BCD1[3:0]} } -insertionbar
gui_sim_continue  
