19:33:38    16 -->                                                             [tcl] ucliGUI::connect -toolargs -ucligui -toolexe ./simv -pid 31137 -toolin /tmp/vcs_20201009023331_31129_lkim..stdin -toolout /tmp/vcs_20201009023331_31129_lkim..stdout  
19:33:38    17 -->                                                                 [tcl] set ucliGUI::state
19:33:38    18 -->                                                                     [tcl] gui_update_simulator_buttons
19:33:39    19 -->                                                                         [tcl] set ucliGUI::state
19:33:39    20 -->                                                                             [tcl] ucliCore::getToolPID
19:33:39    21 -->                                                                                 [tcl] synopsys::env hasTB
19:33:39    22 -->                                                                                     [tcl] trigger_hier_stack_context_switch 0
19:33:39    23 -->                                                                                         [tcl] synUtils::setDVEInitPhase 1
19:33:39    24 -->                                                                                             [tcl] gui_get_env SIMSETUP::SIMVPD
19:33:39    25 --> ...  [tcl] synopsys::dump -type VPD -file /DCNFS/users/student/lkim/LAB2/inter.vpd -locking
19:33:39    26 --> ...      [tcl] synopsys::dump -autoflush on -fid VPD0
19:33:39    27 --> ...          [tcl] set ::dve_fid VPD0
19:33:39    28 --> ...              [tcl] synUtils::setDVEInitPhase 0
19:33:39    29 --> ...                  [tcl] ucliCore::getToolPID
19:33:39    30 --> ...                      [tcl] synUtils::sendTool -active _icl_setToolSocket /tmp/smlnpDDsZi4
19:33:39    31 --> ...                          [tcl] synUtils::sendTool -active {_icl_start_rpc -version "P-2019.06-SP2-1_Full64" -sync_file /tmp/vcs_dve_rpc.lkim.31137}
19:33:39    32 --> ...                              [tcl] synUtils::sendTool -active {_icl_createSharedMemory /tmp/vcs_dve_general.lkim.31137}
19:33:39    33 --> ...                                  [tcl] dveMisc::vbusExpand tb
19:33:39    34 --> ...                                      [tcl] config endofsim noexit
19:33:39    35 --> ...                                          [tcl] config onfail enable all
19:33:39    36 --> ...                                              [tcl] config syscaddplainmembers
19:33:39    37 --> ...                                                  [tcl] config syscaddsourcenames
19:33:39    38 --> ...                                                      [tcl] config syscaddstructtypes
19:33:39    39 --> ...                                                          [tcl] synopsys::listing -disable
19:33:47    40 --> ...                                                              [tcl] synopsys::dump -add {tb.BCD0 tb.BCD1 } -aggregates  -fid VPD0
19:33:48    41 --> ...                                                                  [tcl] synopsys::run
19:33:48    42 --> ...                                                                      [tcl] set ucliGUI::state
19:33:48    43 --> ...                                                                          [tcl] gui_update_simulator_buttons
19:33:48    44 --> ...                                                                              [tcl] set ucliGUI::state
19:33:48    45 --> ...                                                                                  [tcl] set ucliGUI::state
19:33:48    46 --> ...                                                                                      [tcl] set ucliGUI::state
19:33:48    47 --> ...                                                                                          [tcl] catch {senv activeDomain} dveMisc::result 
19:33:48    48 --> ...                                                                                              [tcl] set dveMisc::result
19:33:48    49 --> ...                                                                                                  [tcl] gui_update_simulator_buttons
