11:29:25    64 --> ...                                                          [tcl] ucliGUI::start /DCNFS/users/student/lkim/LAB3/simv -ucligui 
11:29:25    65 --> ...                                                              [tcl] set ucliGUI::state
11:29:25    66 --> ...                                                                  [tcl] gui_update_simulator_buttons
11:29:26    67 --> ...                                                                      [tcl] set ucliGUI::state
11:29:26    68 --> ...                                                                          [tcl] ucliCore::getToolPID
11:29:26    69 --> ...                                                                              [tcl] synopsys::env hasTB
11:29:26    70 --> ...                                                                                  [tcl] trigger_hier_stack_context_switch 0
11:29:26    71 --> ...                                                                                      [tcl] synUtils::setDVEInitPhase 1
11:29:26    72 --> ...                                                                                          [tcl] gui_get_env SIMSETUP::SIMVPD
11:29:26    73 --> ...                                                                                              [tcl] synopsys::dump -type VPD -file /DCNFS/users/student/lkim/LAB3/inter.vpd -locking
11:29:26    74 --> ...                                                                                                  [tcl] synopsys::dump -autoflush on -fid VPD1
11:29:26    75 --> ...  [tcl] set ::dve_fid VPD1
11:29:26    76 --> ...      [tcl] synUtils::setDVEInitPhase 0
11:29:26    77 --> ...          [tcl] ucliCore::getToolPID
11:29:26    78 --> ...              [tcl] synUtils::sendTool -active _icl_setToolSocket /tmp/smlnpKPOumD
11:29:26    79 --> ...                  [tcl] synUtils::sendTool -active {_icl_start_rpc -version "P-2019.06-SP2-1_Full64" -sync_file /tmp/vcs_dve_rpc.lkim.27602}
11:29:27    80 --> ...                      [tcl] synUtils::sendTool -active {_icl_createSharedMemory /tmp/vcs_dve_general.lkim.27602}
11:29:27    81 --> ...                          [tcl] config endofsim noexit
11:29:27    82 --> ...                              [tcl] config onfail enable all
11:29:27    83 --> ...                                  [tcl] config syscaddplainmembers
11:29:27    84 --> ...                                      [tcl] config syscaddsourcenames
11:29:27    85 --> ...                                          [tcl] config syscaddstructtypes
11:29:27    86 --> ...                                              [tcl] synopsys::listing -disable
11:29:27    87 --> ...                                                  [tcl] # Begin_DVE_Session_Save_Info
11:29:27    88 --> ...                                                      [tcl] # DVE restart session
11:29:27    89 --> ...                                                          [tcl] # Saved on Fri Oct 16 11:29:24 2020
11:29:27    90 --> ...                                                              [tcl] # Designs open: 1
11:29:27    91 --> ...                                                                  [tcl] #   Sim: /DCNFS/users/student/lkim/LAB3/simv
11:29:27    92 --> ...                                                                      [tcl] # Toplevel windows open: 2
11:29:27    93 --> ...                                                                          [tcl] # 	TopLevel.1
11:29:27    94 --> ...                                                                              [tcl] # 	TopLevel.2
11:29:27    95 --> ...                                                                                  [tcl] #   Source.1: tb
11:29:27    96 --> ...                                                                                      [tcl] #   Wave.1: 20 signals
11:29:27    97 --> ...                                                                                          [tcl] #   Group count = 3
11:29:27    98 --> ...                                                                                              [tcl] #   Group reg0 signal count = 4
11:29:27    99 --> ...                                                                                                  [tcl] #   Group reg1 signal count = 4
11:29:27    100 --> ...  [tcl] #   Group reg2 signal count = 12
11:29:27    101 --> ...      [tcl] # End_DVE_Session_Save_Info
11:29:27    102 --> ...          [tcl] # DVE version: P-2019.06-SP2-1_Full64
11:29:27    103 --> ...              [tcl] # DVE build date: Jan 30 2020 21:14:28
11:29:27    104 --> ...                  [tcl] #<Session mode="Restart" path=".restartSimSession.tcl" type="Debug">
11:29:27    105 --> ...                      [tcl] gui_set_loading_session_type Restart
11:29:27    106 --> ...                          [tcl] gui_continuetime_set
11:29:27    107 --> ...                              [tcl] gui_clear_window -type Wave
11:29:27    108 --> ...                                  [tcl] gui_clear_window -type List
11:29:27    109 --> ...                                      [tcl] # Application preferences
11:29:27    110 --> ...                                          [tcl] gui_set_pref_value -key app_default_font -value {Helvetica,10,-1,5,50,0,0,0,0,0}
11:29:27    111 --> ...                                              [tcl] gui_src_preferences -tabstop 8 -maxbits 24 -windownumber 1
11:29:27    112 --> ...                                                  [tcl] #<WindowLayout>
11:29:27    113 --> ...                                                      [tcl] # DVE top-level session
11:29:27    114 --> ...                                                          [tcl] # Create and position top-level window: TopLevel.1
11:29:27    115 --> ...                                                              [tcl] set TopLevel.1 TopLevel.1
11:29:27    116 --> ...                                                                  [tcl] # Docked window settings
11:29:27    117 --> ...                                                                      [tcl] set HSPane.1 HSPane.1
11:29:27    118 --> ...                                                                          [tcl] set Hier.1 Hier.1
11:29:27    119 --> ...                                                                              [tcl] set DLPane.1 DLPane.1
11:29:27    120 --> ...                                                                                  [tcl] set Data.1 Data.1
11:29:27    121 --> ...                                                                                      [tcl] set Console.1 Console.1
11:29:27    122 --> ...                                                                                          [tcl] gui_sync_global -id ${TopLevel.1} -option true
11:29:27    123 --> ...                                                                                              [tcl] # MDI window settings
11:29:27    124 --> ...                                                                                                  [tcl] set Source.1 Source.1
11:29:27    125 --> ...  [tcl] gui_update_layout -id ${Source.1} {{show_state maximized} {dock_state undocked} {dock_on_new_line false}}
11:29:27    126 --> ...      [tcl] # End MDI window settings
11:29:27    127 --> ...          [tcl] # Create and position top-level window: TopLevel.2
11:29:27    128 --> ...              [tcl] set TopLevel.2 TopLevel.2
11:29:27    129 --> ...                  [tcl] # Docked window settings
11:29:27    130 --> ...                      [tcl] gui_sync_global -id ${TopLevel.2} -option true
11:29:27    131 --> ...                          [tcl] # MDI window settings
11:29:27    132 --> ...                              [tcl] set Wave.1 Wave.1
11:29:27    133 --> ...                                  [tcl] gui_update_layout -id ${Wave.1} {{show_state maximized} {dock_state undocked} {dock_on_new_line false} {child_wave_left 230} {child_wave_right 560} {child_wave_colname 113} {child_wave_colvalue 112} {child_wave_col1 0} {child_wave_col2 1}}
11:29:27    134 --> ...                                      [tcl] # End MDI window settings
11:29:27    135 --> ...                                          [tcl] #</WindowLayout>
11:29:27    136 --> ...                                              [tcl] #<Database>
11:29:27    137 --> ...                                                  [tcl] gui_set_precision 1s
11:29:27    138 --> ...                                                      [tcl] gui_set_time_units 1s
11:29:27    139 --> ...                                                          [tcl] #</Database>
11:29:27    140 --> ...                                                              [tcl] # DVE Global setting session:
11:29:27    141 --> ...                                                                  [tcl] # Global: Breakpoints
11:29:27    142 --> ...                                                                      [tcl] # Global: Bus
11:29:27    143 --> ...                                                                          [tcl] # Global: Expressions
11:29:27    144 --> ...                                                                              [tcl] # Global: Signal Time Shift
11:29:27    145 --> ...                                                                                  [tcl] # Global: Signal Compare
11:29:27    146 --> ...                                                                                      [tcl] # Global: Signal Groups
11:29:27    147 --> ...                                                                                          [tcl] gui_load_child_values {tb.DUT.reg0}
11:29:27    148 --> ...                                                                                              [tcl] synopsys::dump -add {tb.DUT.reg0} -scope "." -depth 1 -fid VPD1
11:29:27    149 --> ...                                                                                                  [tcl] gui_load_child_values {tb.DUT.reg1}
11:29:27    150 --> ...  [tcl] synopsys::dump -add {tb.DUT.reg1} -scope "." -depth 1 -fid VPD1
11:29:27    151 --> ...      [tcl] gui_load_child_values {tb.DUT.reg2}
11:29:27    152 --> ...          [tcl] synopsys::dump -add {tb.DUT.reg2} -scope "." -depth 1 -fid VPD1
11:29:27    153 --> ...              [tcl] gui_load_child_values {tb}
11:29:27    154 --> ...                  [tcl] synopsys::dump -add {tb} -scope "." -depth 1 -fid VPD1
11:29:27    155 --> ...                      [tcl] set _session_group_1 reg0
11:29:27    156 --> ...                          [tcl] gui_sg_create "$_session_group_1"
11:29:27    157 --> ...                              [tcl] set reg0 "$_session_group_1"
11:29:27    158 --> ...                                  [tcl] gui_sg_addsignal -group "$_session_group_1" { tb.DUT.reg0.regD tb.DUT.reg0.clk tb.DUT.reg0.wrD tb.DUT.reg0.ldEnBit }
11:29:27    159 --> ...                                      [tcl] set _session_group_2 reg1
11:29:27    160 --> ...                                          [tcl] gui_sg_create "$_session_group_2"
11:29:27    161 --> ...                                              [tcl] set reg1 "$_session_group_2"
11:29:27    162 --> ...                                                  [tcl] gui_sg_addsignal -group "$_session_group_2" { tb.DUT.reg1.clk tb.DUT.reg1.ldEnBit tb.DUT.reg1.wrD tb.DUT.reg1.regD }
11:29:27    163 --> ...                                                      [tcl] set _session_group_3 reg2
11:29:27    164 --> ...                                                          [tcl] gui_sg_create "$_session_group_3"
11:29:27    165 --> ...                                                              [tcl] set reg2 "$_session_group_3"
11:29:27    166 --> ...                                                                  [tcl] gui_sg_addsignal -group "$_session_group_3" { tb.DUT.reg2.regD tb.DUT.reg2.clk tb.DUT.reg2.wrD tb.DUT.reg2.ldEnBit tb.rdD0 tb.rdD1 tb.wrData tb.clk tb.wrEn tb.rdAddr0 tb.rdAddr1 tb.wrAddr }
11:29:27    167 --> ...                                                                      [tcl] # Global: Highlighting
11:29:27    168 --> ...                                                                          [tcl] # Global: Stack
11:29:27    169 --> ...                                                                              [tcl] gui_change_stack_mode -mode list
11:29:27    170 --> ...                                                                                  [tcl] synopsys::xml {set_only_active_frame <data value="1" />}
11:29:27    171 --> ...                                                                                      [tcl] # Post database loading setting...
11:29:27    172 --> ...                                                                                          [tcl] # Save global setting...
11:29:27    173 --> ...                                                                                              [tcl] # Wave/List view global setting
11:29:27    174 --> ...                                                                                                  [tcl] gui_cov_show_value -switch false
11:29:27    175 --> ...  [tcl] # Close all empty TopLevel windows
11:29:27    176 --> ...      [tcl] foreach __top [gui_ekki_get_window_ids -type TopLevel] {     if { [llength [gui_ekki_get_window_ids -parent $__top]] == 0} {         gui_close_window -window $__top     } }
11:29:27    177 --> ...          [tcl] gui_set_loading_session_type noSession
11:29:27    178 --> ...              [tcl] # DVE View/pane content session:
11:29:27    179 --> ...                  [tcl] # Hier 'Hier.1'
11:29:27    180 --> ...                      [tcl] gui_show_window -window ${Hier.1}
11:29:27    181 --> ...                          [tcl] gui_list_set_filter -id ${Hier.1} -list { {Package 1} {All 0} {Process 1} {VirtPowSwitch 0} {UnnamedProcess 1} {UDP 0} {Function 1} {Block 1} {SrsnAndSpaCell 0} {OVA Unit 1} {LeafScCell 1} {LeafVlgCell 1} {Interface 1} {LeafVhdCell 1} {$unit 1} {NamedBlock 1} {Task 1} {VlgPackage 1} {ClassDef 1} {VirtIsoCell 0} }
11:29:27    182 --> ...                              [tcl] gui_list_set_filter -id ${Hier.1} -text {*}
11:29:27    183 --> ...                                  [tcl] gui_change_design -id ${Hier.1} -design Sim
11:29:27    184 --> ...                                      [tcl] catch {gui_list_select -id ${Hier.1} {tb}}
11:29:27    185 --> ...                                          [tcl] dveMisc::vbusExpand tb
11:29:27    186 --> ...                                              [tcl] gui_view_scroll -id ${Hier.1} -vertical -set 0
11:29:27    187 --> ...                                                  [tcl] gui_view_scroll -id ${Hier.1} -horizontal -set 0
11:29:27    188 --> ...                                                      [tcl] # Data 'Data.1'
11:29:27    189 --> ...                                                          [tcl] gui_list_set_filter -id ${Data.1} -list { {Buffer 1} {Input 1} {Others 1} {Linkage 1} {Output 1} {LowPower 1} {Parameter 1} {All 1} {Aggregate 1} {LibBaseMember 1} {Event 1} {Assertion 1} {Constant 1} {Interface 1} {BaseMembers 1} {Signal 1} {$unit 1} {Inout 1} {Variable 1} }
11:29:27    190 --> ...                                                              [tcl] gui_list_set_filter -id ${Data.1} -text {*}
11:29:27    191 --> ...                                                                  [tcl] gui_list_show_data -id ${Data.1} {tb}
11:29:27    192 --> ...                                                                      [tcl] gui_show_window -window ${Data.1}
11:29:27    193 --> ...                                                                          [tcl] catch { gui_list_select -id ${Data.1} {tb.rdD0 tb.rdD1 tb.wrData tb.clk tb.wrEn tb.rdAddr0 tb.rdAddr1 tb.wrAddr }}
11:29:27    194 --> ...                                                                              [tcl] gui_view_scroll -id ${Data.1} -vertical -set 0
11:29:27    195 --> ...                                                                                  [tcl] gui_view_scroll -id ${Data.1} -horizontal -set 0
11:29:27    196 --> ...                                                                                      [tcl] gui_view_scroll -id ${Hier.1} -vertical -set 0
11:29:27    197 --> ...                                                                                          [tcl] gui_view_scroll -id ${Hier.1} -horizontal -set 0
11:29:27    198 --> ...                                                                                              [tcl] # Source 'Source.1'
11:29:27    199 --> ...                                                                                                  [tcl] gui_src_value_annotate -id ${Source.1} -switch false
11:29:27    200 --> ...  [tcl] gui_set_env TOGGLE::VALUEANNOTATE 0
11:29:27    201 --> ...      [tcl] gui_open_source -id ${Source.1}  -replace -active tb /DCNFS/users/student/lkim/LAB3/tb.v
11:29:27    202 --> ...          [tcl] gui_view_scroll -id ${Source.1} -vertical -set 36
11:29:27    203 --> ...              [tcl] gui_src_set_reusable -id ${Source.1}
11:29:27    204 --> ...                  [tcl] # View 'Wave.1'
11:29:27    205 --> ...                      [tcl] gui_wv_sync -id ${Wave.1} -switch false
11:29:27    206 --> ...                          [tcl] set groupExD [gui_get_pref_value -category Wave -key exclusiveSG]
11:29:27    207 --> ...                              [tcl] gui_set_pref_value -category Wave -key exclusiveSG -value {false}
11:29:27    208 --> ...                                  [tcl] set origWaveHeight [gui_get_pref_value -category Wave -key waveRowHeight]
11:29:27    209 --> ...                                      [tcl] gui_list_set_height -id Wave -height 25
11:29:27    210 --> ...                                          [tcl] set origGroupCreationState [gui_list_create_group_when_add -wave]
11:29:27    211 --> ...                                              [tcl] gui_list_create_group_when_add -wave -disable
11:29:27    212 --> ...                                                  [tcl] gui_wv_zoom_timerange -id ${Wave.1} 0 180
11:29:27    213 --> ...                                                      [tcl] gui_list_add_group -id ${Wave.1} -after {New Group} {reg0}
11:29:27    214 --> ...                                                          [tcl] gui_list_add_group -id ${Wave.1} -after {New Group} {reg1}
11:29:27    215 --> ...                                                              [tcl] gui_list_add_group -id ${Wave.1} -after {New Group} {reg2}
11:29:27    216 --> ...                                                                  [tcl] gui_seek_criteria -id ${Wave.1} {Any Edge}
11:29:27    217 --> ...                                                                      [tcl] gui_set_env TOGGLE::DEFAULT_WAVE_WINDOW ${Wave.1}
11:29:27    218 --> ...                                                                          [tcl] gui_set_pref_value -category Wave -key exclusiveSG -value $groupExD
11:29:27    219 --> ...                                                                              [tcl] gui_list_set_height -id Wave -height $origWaveHeight
11:29:27    220 --> ...                                                                                  [tcl] if {$origGroupCreationState} { 	gui_list_create_group_when_add -wave -enable }
11:29:27    221 --> ...                                                                                      [tcl] if { $groupExD } {  gui_msg_report -code DVWW028 }
11:29:27    222 --> ...                                                                                          [tcl] gui_list_set_filter -id ${Wave.1} -list { {Buffer 1} {Input 1} {Others 1} {Linkage 1} {Output 1} {Parameter 1} {All 1} {Aggregate 1} {LibBaseMember 1} {Event 1} {Assertion 1} {Constant 1} {Interface 1} {BaseMembers 1} {Signal 1} {$unit 1} {Inout 1} {Variable 1} }
11:29:27    223 --> ...                                                                                              [tcl] gui_list_set_filter -id ${Wave.1} -text {*}
11:29:27    224 --> ...                                                                                                  [tcl] gui_list_set_insertion_bar  -id ${Wave.1} -group reg2  -position in
11:29:27    225 --> ...  [tcl] gui_view_scroll -id ${Wave.1} -vertical -set 0
11:29:27    226 --> ...      [tcl] gui_show_grid -id ${Wave.1} -enable false
11:29:27    227 --> ...          [tcl] # Restore toplevel window zorder
11:29:27    228 --> ...              [tcl] # The toplevel window could be closed if it has no view/pane
11:29:27    229 --> ...                  [tcl] if {[gui_exist_window -window ${TopLevel.1}]} { 	gui_set_active_window -window ${TopLevel.1} 	gui_set_active_window -window ${Source.1} 	gui_set_active_window -window ${DLPane.1} }
11:29:27    230 --> ...                      [tcl] if {[gui_exist_window -window ${TopLevel.2}]} { 	gui_set_active_window -window ${TopLevel.2} 	gui_set_active_window -window ${Wave.1} }
11:29:27    231 --> ...                          [tcl] #</Session>
11:29:29    232 --> ...                              [tcl] synopsys::run
11:29:29    233 --> ...                                  [tcl] set ucliGUI::state
11:29:29    234 --> ...                                      [tcl] gui_update_simulator_buttons
11:29:29    235 --> ...                                          [tcl] set ucliGUI::state
11:29:29    236 --> ...                                              [tcl] set ucliGUI::state
11:29:29    237 --> ...                                                  [tcl] set ucliGUI::state
11:29:29    238 --> ...                                                      [tcl] catch {senv activeDomain} dveMisc::result 
11:29:29    239 --> ...                                                          [tcl] set dveMisc::result
11:29:29    240 --> ...                                                              [tcl] gui_update_simulator_buttons
11:32:13    241 --> ...                                                                  [tcl] if [catch {gui_sim_terminate}] {gui_sim_terminate -kill}
11:32:13    242 --> ...                                                                      [tcl] synopsys::finish
11:32:13    243 --> ...                                                                          [tcl] set ucliGUI::state
11:32:13    244 --> ...                                                                              [tcl] gui_update_simulator_buttons
11:32:13    245 --> ...                                                                                  [tcl] set ucliGUI::state
11:32:13    246 --> ...                                                                                      [tcl] catch {senv activeDomain} dveMisc::result 
11:32:13    247 --> ...                                                                                          [tcl] set dveMisc::result
11:32:13    248 --> ...                                                                                              [tcl] gui_update_simulator_buttons
11:32:13    249 --> ...                                                                                                  [tcl] catch {senv activeDomain} dveMisc::result 
11:32:13    250 --> ...  [tcl] set dveMisc::result
11:32:13    251 --> ...      [tcl] ucli_exit
