# Preference setting overrides
gui_create_pref_key -category {Globals} -key {load_detail_for_funcov} -value_type {bool} -value {false}

# State setting overrides
gui_state_default_create -off -ini
gui_set_state_value -category Layout -key child_console_size_x -value 849
gui_set_state_value -category Layout -key child_console_size_y -value 177
gui_set_state_value -category Layout -key child_data_size_x -value 161
gui_set_state_value -category Layout -key child_data_size_y -value 328
gui_set_state_value -category Layout -key child_hier_col3 -value {-1}
gui_set_state_value -category Layout -key child_hier_colpd -value 0
gui_set_state_value -category Layout -key child_hier_size_x -value 161
gui_set_state_value -category Layout -key child_hier_size_y -value 328
gui_set_state_value -category Layout -key child_source_docknewline -value false
gui_set_state_value -category Layout -key child_source_pos_x -value {-2}
gui_set_state_value -category Layout -key child_source_pos_y -value {-15}
gui_set_state_value -category Layout -key child_source_size_x -value 530
gui_set_state_value -category Layout -key child_source_size_y -value 323
gui_set_state_value -category Layout -key child_wave_colname -value 113
gui_set_state_value -category Layout -key child_wave_colvalue -value 113
gui_set_state_value -category Layout -key child_wave_left -value 230
gui_set_state_value -category Layout -key child_wave_right -value 561
gui_set_state_value -category Layout -key main_pos_x -value 101
gui_set_state_value -category Layout -key main_pos_y -value 127
gui_set_state_value -category Layout -key main_size_x -value 950
gui_set_state_value -category Layout -key main_size_y -value 773
gui_set_state_value -category Layout -key stand_wave_child_docknewline -value false
gui_set_state_value -category Layout -key stand_wave_child_pos_x -value {-2}
gui_set_state_value -category Layout -key stand_wave_child_pos_y -value {-15}
gui_set_state_value -category Layout -key stand_wave_child_size_x -value 801
gui_set_state_value -category Layout -key stand_wave_child_size_y -value 574
gui_set_state_value -category Layout -key stand_wave_top_pos_x -value 436
gui_set_state_value -category Layout -key stand_wave_top_pos_y -value 53
gui_set_state_value -category Layout -key stand_wave_top_size_x -value 1232
gui_set_state_value -category Layout -key stand_wave_top_size_y -value 773
gui_create_state_key -category FindDialog -key m_pMatchCase -value_type bool -value false
gui_create_state_key -category FindDialog -key m_pMatchWord -value_type bool -value false
gui_create_state_key -category FindDialog -key m_pUseCombo -value_type string -value {}
gui_create_state_key -category FindDialog -key m_pWrapAround -value_type bool -value true
gui_create_state_key -category Widget_History -key {dlgSimSetup|m_setupTab|tab pages|BuildTab|m_rebuildBtnGroup|m_customCmdCombo} -value_type string -value {{vcs -full64 -debug_accessa+all fba_tb.v four_bit_adder.v full_adder.v}}
gui_create_state_key -category Widget_History -key {dlgSimSetup|m_setupTab|tab pages|SimTab|m_VPDCombo} -value_type string -value inter.vpd
gui_create_state_key -category Widget_History -key {dlgSimSetup|m_setupTab|tab pages|SimTab|m_curDirCombo} -value_type string -value /DCNFS/users/student/lkim/TEST
gui_create_state_key -category Widget_History -key {dlgSimSetup|m_setupTab|tab pages|SimTab|m_exeCombo} -value_type string -value ./simv
gui_state_default_create -off

# Begin command logging
gui_sim_run Ucli -exe ./simv -args {-ucligui  } -dir .
gui_list_expand -id  Hier.1   tb
gui_list_expand -id  Hier.1   tb.DUT
gui_list_select -id Hier.1 -current_item_name tb.DUT.reg0 -current_item_type Scope  -selected  { tb.DUT.reg0   }
gui_list_select -id Hier.1 -current_item_name tb.DUT.reg2 -current_item_type Scope  -selected  { tb.DUT.reg0  tb.DUT.reg1  tb.DUT.reg2   }
gui_open_window Wave
gui_list_add -id Wave.1 -from Hier.1 { tb.DUT.reg0 tb.DUT.reg1 tb.DUT.reg2 } -insertionbar
gui_list_select -id Hier.1 -current_item_name tb -current_item_type Scope  -selected  { tb   }
gui_list_select -id Data.1 -selected  { {tb.rdD0[7:0]}   }
gui_list_select -id Data.1 -selected  { {tb.rdD0[7:0]}  {tb.rdD1[7:0]}  {tb.wrData[7:0]}  tb.clk  tb.wrEn  {tb.rdAddr0[2:0]}  {tb.rdAddr1[2:0]}  {tb.wrAddr[2:0]}   }
gui_list_add -id Wave.1 -from Data.1 { {tb.rdD0[7:0]} {tb.rdD1[7:0]} {tb.wrData[7:0]} tb.clk tb.wrEn {tb.rdAddr0[2:0]} {tb.rdAddr1[2:0]} {tb.wrAddr[2:0]} } -insertionbar
gui_sim_continue  
gui_sim_restart
gui_sim_continue  
gui_zoom -window Wave.1 -factor 2
gui_wv_scroll_hslidermove -id  Wave.1 0
gui_wv_scroll_hslidermove -id  Wave.1 81
gui_wv_scroll_hslidermove -id  Wave.1 0
gui_wv_scroll_hslidermove -id  Wave.1 0
gui_wv_scroll_hslidermove -id  Wave.1 81
gui_wv_scroll_hslidermove -id  Wave.1 162
gui_wv_scroll_hslidermove -id  Wave.1 81
gui_wv_scroll_hslidermove -id  Wave.1 162
gui_wv_scrollleft -id  Wave.1  page
gui_close_window -window TopLevel.2
