set ucliGUI::state
set ucliGUI::state
ucliCore::getToolPID
synopsys::env hasTB
trigger_hier_stack_context_switch 0
synUtils::setDVEInitPhase 1
synopsys::dump -type VPD -file /DCNFS/users/student/lkim/LAB6me/inter.vpd -locking
synopsys::dump -autoflush on -fid VPD0
set ::dve_fid VPD0
synUtils::setDVEInitPhase 0
ucliCore::getToolPID
synUtils::sendTool -active _icl_setToolSocket /tmp/smlnp5vjHgU
synUtils::sendTool -active {_icl_start_rpc -version "P-2019.06-SP2-1_Full64" -sync_file /tmp/vcs_dve_rpc.lkim.23068}
synUtils::sendTool -active {_icl_createSharedMemory /tmp/vcs_dve_general.lkim.23068}
config endofsim noexit
config onfail enable all
config syscaddplainmembers
config syscaddsourcenames
config syscaddstructtypes
synopsys::listing -disable
synopsys::dump -add {tb.clk tb.done tb.reqA tb.reqB tb.reset tb.respA tb.respB tb.sizeA tb.sizeB tb.start } -aggregates  -fid VPD0
synopsys::dump -add {tb.datapath.count.counting tb.datapath.count.value } -aggregates  -fid VPD0
synopsys::dump -add {tb.datapath.stateMach.cState tb.datapath.stateMach.nState } -aggregates  -fid VPD0
synopsys::dump -add {tb.datapath.stateMach.cStart } -aggregates  -fid VPD0
synopsys::dump -add {tb.datapath.flipflop.Q } -aggregates  -fid VPD0
synopsys::dump -add {tb.datapath.count} -scope "." -depth 1 -fid VPD0
synopsys::run
set ucliGUI::state
set ucliGUI::state
set ucliGUI::state
set ucliGUI::state
