# Preference setting overrides
gui_create_pref_key -category {Globals} -key {load_detail_for_funcov} -value_type {bool} -value {false}

# State setting overrides
gui_state_default_create -off -ini
gui_set_state_value -category Layout -key child_console_size_x -value 247
gui_set_state_value -category Layout -key child_console_size_y -value 179
gui_set_state_value -category Layout -key child_data_size_x -value 155
gui_set_state_value -category Layout -key child_data_size_y -value 448
gui_set_state_value -category Layout -key child_hier_col3 -value {-1}
gui_set_state_value -category Layout -key child_hier_colpd -value 0
gui_set_state_value -category Layout -key child_hier_size_x -value 155
gui_set_state_value -category Layout -key child_hier_size_y -value 448
gui_set_state_value -category Layout -key child_source_docknewline -value false
gui_set_state_value -category Layout -key child_source_pos_x -value {-2}
gui_set_state_value -category Layout -key child_source_pos_y -value {-15}
gui_set_state_value -category Layout -key child_source_size_x -value 1226
gui_set_state_value -category Layout -key child_source_size_y -value 443
gui_set_state_value -category Layout -key child_wave_colname -value 174
gui_set_state_value -category Layout -key child_wave_colvalue -value 143
gui_set_state_value -category Layout -key child_wave_left -value 322
gui_set_state_value -category Layout -key child_wave_right -value 787
gui_set_state_value -category Layout -key main_pos_x -value 3
gui_set_state_value -category Layout -key main_pos_y -value 79
gui_set_state_value -category Layout -key main_size_x -value 1536
gui_set_state_value -category Layout -key main_size_y -value 801
gui_set_state_value -category Layout -key stand_wave_child_docknewline -value false
gui_set_state_value -category Layout -key stand_wave_child_pos_x -value {-2}
gui_set_state_value -category Layout -key stand_wave_child_pos_y -value {-15}
gui_set_state_value -category Layout -key stand_wave_child_size_x -value 1119
gui_set_state_value -category Layout -key stand_wave_child_size_y -value 815
gui_set_state_value -category Layout -key stand_wave_top_pos_x -value 535
gui_set_state_value -category Layout -key stand_wave_top_pos_y -value 51
gui_set_state_value -category Layout -key stand_wave_top_size_x -value 1649
gui_set_state_value -category Layout -key stand_wave_top_size_y -value 989
gui_create_state_key -category FindDialog -key m_pMatchCase -value_type bool -value false
gui_create_state_key -category FindDialog -key m_pMatchWord -value_type bool -value false
gui_create_state_key -category FindDialog -key m_pUseCombo -value_type string -value {}
gui_create_state_key -category FindDialog -key m_pWrapAround -value_type bool -value true
gui_create_state_key -category Widget_History -key {dlgSimSetup|m_setupTab|tab pages|BuildTab|m_rebuildBtnGroup|m_customCmdCombo} -value_type string -value {{vcs -full64 -debug_accessa+all fba_tb.v four_bit_adder.v full_adder.v}}
gui_create_state_key -category Widget_History -key {dlgSimSetup|m_setupTab|tab pages|SimTab|m_VPDCombo} -value_type string -value inter.vpd
gui_create_state_key -category Widget_History -key {dlgSimSetup|m_setupTab|tab pages|SimTab|m_curDirCombo} -value_type string -value /DCNFS/users/student/lkim/TEST
gui_create_state_key -category Widget_History -key {dlgSimSetup|m_setupTab|tab pages|SimTab|m_exeCombo} -value_type string -value ./simv
gui_state_default_create -off

# Begin command logging
gui_sim_run Ucli -exe ./simv -args {-ucligui  } -dir .
gui_list_select -id Data.1 -selected  { tb.respA   }
gui_list_select -id Data.1 -selected  { tb.respA  tb.respB  tb.start  {tb.sizeA[2:0]}  {tb.sizeB[2:0]}  tb.reqA  tb.reqB  tb.reset  tb.clk  tb.done   }
gui_open_window Wave
gui_list_add -id Wave.1 -from Data.1 { tb.respA tb.respB tb.start {tb.sizeA[2:0]} {tb.sizeB[2:0]} tb.reqA tb.reqB tb.reset tb.clk tb.done } -insertionbar
gui_list_expand -id  Hier.1   tb
gui_list_expand -id  Hier.1   tb.datapath
gui_list_select -id Hier.1 -current_item_name tb.datapath.count -current_item_type Scope  -selected  { tb.datapath.count   }
gui_list_action -id  Hier.1 tb.datapath.count
gui_list_select -id Data.1 -selected  { {tb.datapath.count.counting[2:0]}   }
gui_list_select -id Data.1 -selected  { {tb.datapath.count.counting[2:0]}  {tb.datapath.count.counter[2:0]}   }
gui_list_select -id Data.1 -selected  { {tb.datapath.count.counting[2:0]}   }
gui_list_select -id Data.1 -selected  { {tb.datapath.count.counting[2:0]}  {tb.datapath.count.value[2:0]}   }
gui_list_add -id Wave.1 -from Data.1 { {tb.datapath.count.value[2:0]} {tb.datapath.count.counting[2:0]} } -insertionbar
gui_list_select -id Hier.1 -current_item_name tb.datapath.stateMach -current_item_type Scope  -selected  { tb.datapath.stateMach   }
gui_list_select -id Data.1 -selected  { {tb.datapath.stateMach.nState[3:0]}   }
gui_list_select -id Data.1 -selected  { {tb.datapath.stateMach.nState[3:0]}  {tb.datapath.stateMach.cState[3:0]}   }
gui_list_add -id Wave.1 -from Data.1 { {tb.datapath.stateMach.cState[3:0]} {tb.datapath.stateMach.nState[3:0]} } -insertionbar
gui_list_select -id Data.1 -selected  { tb.datapath.stateMach.cStart   }
gui_list_add -id Wave.1 -from Data.1 { tb.datapath.stateMach.cStart } -insertionbar
gui_list_select -id Hier.1 -current_item_name tb.datapath.flipflop -current_item_type Scope  -selected  { tb.datapath.flipflop   }
gui_list_select -id Data.1 -selected  { tb.datapath.flipflop.Q   }
gui_marker_move -id  Wave.1 C1 45
gui_list_add -id Wave.1 -from Data.1 { tb.datapath.flipflop.Q } -insertionbar
gui_list_select -id Hier.1 -current_item_name tb.datapath.count -current_item_type Scope  -selected  { tb.datapath.count   }
gui_marker_move -id  Wave.1 C1 59
gui_list_select -id Wave.1 -selected  { {tb.datapath.count.counting[2:0]}   }
gui_list_select -id Wave.1 -selected  { {tb.datapath.count.counting[2:0]}  {tb.datapath.count.value[2:0]}   }
gui_list_select -id Wave.1 -selected  { {tb.datapath.count.counting[2:0]}   }
gui_list_select -id Wave.1 -selected  { {tb.datapath.count.value[2:0]}  {tb.datapath.count.counting[2:0]}   }
gui_delete_selected -id  Wave.1
gui_list_select -id Wave.1 -selected  { {tb.datapath.stateMach.cState[3:0]}   }
gui_list_add -id Wave.1 -from Hier.1 { tb.datapath.count } -insertionbar
gui_sim_continue  
