15:12:45    58 --> ...                                  [tcl] ucliGUI::start /DCNFS/users/student/lkim/LAB1/simv -ucligui 
15:12:45    59 --> ...                                      [tcl] set ucliGUI::state
15:12:45    60 --> ...                                          [tcl] gui_update_simulator_buttons
15:12:47    61 --> ...                                              [tcl] set ucliGUI::state
15:12:47    62 --> ...                                                  [tcl] ucliCore::getToolPID
15:12:47    63 --> ...                                                      [tcl] synopsys::env hasTB
15:12:47    64 --> ...                                                          [tcl] trigger_hier_stack_context_switch 0
15:12:47    65 --> ...                                                              [tcl] synUtils::setDVEInitPhase 1
15:12:47    66 --> ...                                                                  [tcl] gui_get_env SIMSETUP::SIMVPD
15:12:47    67 --> ...                                                                      [tcl] synopsys::dump -type VPD -file /DCNFS/users/student/lkim/LAB1/inter.vpd -locking
15:12:47    68 --> ...                                                                          [tcl] synopsys::dump -autoflush on -fid VPD1
15:12:47    69 --> ...                                                                              [tcl] set ::dve_fid VPD1
15:12:47    70 --> ...                                                                                  [tcl] synUtils::setDVEInitPhase 0
15:12:47    71 --> ...                                                                                      [tcl] ucliCore::getToolPID
15:12:47    72 --> ...                                                                                          [tcl] synUtils::sendTool -active _icl_setToolSocket /tmp/smlnpiOvyd1
15:12:47    73 --> ...                                                                                              [tcl] synUtils::sendTool -active {_icl_start_rpc -version "P-2019.06-SP2-1_Full64" -sync_file /tmp/vcs_dve_rpc.lkim.21131}
15:12:48    74 --> ...                                                                                                  [tcl] synUtils::sendTool -active {_icl_createSharedMemory /tmp/vcs_dve_general.lkim.21131}
15:12:48    75 --> ...  [tcl] config endofsim noexit
15:12:48    76 --> ...      [tcl] config onfail enable all
15:12:48    77 --> ...          [tcl] config syscaddplainmembers
15:12:48    78 --> ...              [tcl] config syscaddsourcenames
15:12:48    79 --> ...                  [tcl] config syscaddstructtypes
15:12:48    80 --> ...                      [tcl] synopsys::listing -disable
15:12:48    81 --> ...                          [tcl] # Begin_DVE_Session_Save_Info
15:12:48    82 --> ...                              [tcl] # DVE restart session
15:12:48    83 --> ...                                  [tcl] # Saved on Wed Sep 30 15:12:44 2020
15:12:48    84 --> ...                                      [tcl] # Designs open: 1
15:12:48    85 --> ...                                          [tcl] #   Sim: /DCNFS/users/student/lkim/LAB1/simv
15:12:48    86 --> ...                                              [tcl] # Toplevel windows open: 1
15:12:48    87 --> ...                                                  [tcl] # 	TopLevel.1
15:12:48    88 --> ...                                                      [tcl] #   Source.1: tb
15:12:48    89 --> ...                                                          [tcl] #   Group count = 1
15:12:48    90 --> ...                                                              [tcl] #   Group Group1 signal count = 4
15:12:48    91 --> ...                                                                  [tcl] # End_DVE_Session_Save_Info
15:12:48    92 --> ...                                                                      [tcl] # DVE version: P-2019.06-SP2-1_Full64
15:12:48    93 --> ...                                                                          [tcl] # DVE build date: Jan 30 2020 21:14:28
15:12:48    94 --> ...                                                                              [tcl] #<Session mode="Restart" path=".restartSimSession.tcl" type="Debug">
15:12:48    95 --> ...                                                                                  [tcl] gui_set_loading_session_type Restart
15:12:48    96 --> ...                                                                                      [tcl] gui_continuetime_set
15:12:48    97 --> ...                                                                                          [tcl] gui_clear_window -type Wave
15:12:48    98 --> ...                                                                                              [tcl] gui_clear_window -type List
15:12:48    99 --> ...                                                                                                  [tcl] # Application preferences
15:12:48    100 --> ...  [tcl] gui_set_pref_value -key app_default_font -value {Helvetica,10,-1,5,50,0,0,0,0,0}
15:12:48    101 --> ...      [tcl] gui_src_preferences -tabstop 8 -maxbits 24 -windownumber 1
15:12:48    102 --> ...          [tcl] #<WindowLayout>
15:12:48    103 --> ...              [tcl] # DVE top-level session
15:12:48    104 --> ...                  [tcl] # Create and position top-level window: TopLevel.1
15:12:48    105 --> ...                      [tcl] set TopLevel.1 TopLevel.1
15:12:48    106 --> ...                          [tcl] # Docked window settings
15:12:48    107 --> ...                              [tcl] set HSPane.1 HSPane.1
15:12:48    108 --> ...                                  [tcl] set Hier.1 Hier.1
15:12:48    109 --> ...                                      [tcl] set DLPane.1 DLPane.1
15:12:48    110 --> ...                                          [tcl] set Data.1 Data.1
15:12:48    111 --> ...                                              [tcl] set Console.1 Console.1
15:12:48    112 --> ...                                                  [tcl] gui_sync_global -id ${TopLevel.1} -option true
15:12:48    113 --> ...                                                      [tcl] # MDI window settings
15:12:48    114 --> ...                                                          [tcl] set Source.1 Source.1
15:12:48    115 --> ...                                                              [tcl] gui_update_layout -id ${Source.1} {{show_state maximized} {dock_state undocked} {dock_on_new_line false}}
15:12:48    116 --> ...                                                                  [tcl] # End MDI window settings
15:12:48    117 --> ...                                                                      [tcl] #</WindowLayout>
15:12:48    118 --> ...                                                                          [tcl] #<Database>
15:12:48    119 --> ...                                                                              [tcl] gui_set_precision 1s
15:12:48    120 --> ...                                                                                  [tcl] gui_set_time_units 1s
15:12:48    121 --> ...                                                                                      [tcl] #</Database>
15:12:48    122 --> ...                                                                                          [tcl] # DVE Global setting session:
15:12:48    123 --> ...                                                                                              [tcl] # Global: Breakpoints
15:12:48    124 --> ...                                                                                                  [tcl] # Global: Bus
15:12:48    125 --> ...  [tcl] # Global: Expressions
15:12:48    126 --> ...      [tcl] # Global: Signal Time Shift
15:12:48    127 --> ...          [tcl] # Global: Signal Compare
15:12:48    128 --> ...              [tcl] # Global: Signal Groups
15:12:48    129 --> ...                  [tcl] set _session_group_1 Group1
15:12:48    130 --> ...                      [tcl] gui_sg_create "$_session_group_1"
15:12:48    131 --> ...                          [tcl] set Group1 "$_session_group_1"
15:12:48    132 --> ...                              [tcl] gui_sg_addsignal -group "$_session_group_1" { tb.outA tb.outB tb.outC tb.outD }
15:12:48    133 --> ...                                  [tcl] # Global: Highlighting
15:12:48    134 --> ...                                      [tcl] # Global: Stack
15:12:48    135 --> ...                                          [tcl] gui_change_stack_mode -mode list
15:12:48    136 --> ...                                              [tcl] synopsys::xml {set_only_active_frame <data value="1" />}
15:12:48    137 --> ...                                                  [tcl] # Post database loading setting...
15:12:48    138 --> ...                                                      [tcl] # Save global setting...
15:12:48    139 --> ...                                                          [tcl] # Wave/List view global setting
15:12:48    140 --> ...                                                              [tcl] gui_cov_show_value -switch false
15:12:48    141 --> ...                                                                  [tcl] # Close all empty TopLevel windows
15:12:48    142 --> ...                                                                      [tcl] foreach __top [gui_ekki_get_window_ids -type TopLevel] {     if { [llength [gui_ekki_get_window_ids -parent $__top]] == 0} {         gui_close_window -window $__top     } }
15:12:48    143 --> ...                                                                          [tcl] gui_set_loading_session_type noSession
15:12:48    144 --> ...                                                                              [tcl] # DVE View/pane content session:
15:12:48    145 --> ...                                                                                  [tcl] # Hier 'Hier.1'
15:12:48    146 --> ...                                                                                      [tcl] gui_show_window -window ${Hier.1}
15:12:48    147 --> ...                                                                                          [tcl] gui_list_set_filter -id ${Hier.1} -list { {Package 1} {All 0} {Process 1} {VirtPowSwitch 0} {UnnamedProcess 1} {UDP 0} {Function 1} {Block 1} {SrsnAndSpaCell 0} {OVA Unit 1} {LeafScCell 1} {LeafVlgCell 1} {Interface 1} {LeafVhdCell 1} {$unit 1} {NamedBlock 1} {Task 1} {VlgPackage 1} {ClassDef 1} {VirtIsoCell 0} }
15:12:48    148 --> ...                                                                                              [tcl] gui_list_set_filter -id ${Hier.1} -text {*}
15:12:48    149 --> ...                                                                                                  [tcl] gui_change_design -id ${Hier.1} -design Sim
15:12:48    150 --> ...  [tcl] catch {gui_list_select -id ${Hier.1} {tb}}
15:12:48    151 --> ...      [tcl] dveMisc::vbusExpand tb
15:12:48    152 --> ...          [tcl] gui_view_scroll -id ${Hier.1} -vertical -set 0
15:12:48    153 --> ...              [tcl] gui_view_scroll -id ${Hier.1} -horizontal -set 0
15:12:48    154 --> ...                  [tcl] # Data 'Data.1'
15:12:48    155 --> ...                      [tcl] gui_list_set_filter -id ${Data.1} -list { {Buffer 1} {Input 1} {Others 1} {Linkage 1} {Output 1} {LowPower 1} {Parameter 1} {All 1} {Aggregate 1} {LibBaseMember 1} {Event 1} {Assertion 1} {Constant 1} {Interface 1} {BaseMembers 1} {Signal 1} {$unit 1} {Inout 1} {Variable 1} }
15:12:48    156 --> ...                          [tcl] gui_list_set_filter -id ${Data.1} -text {*}
15:12:48    157 --> ...                              [tcl] gui_list_show_data -id ${Data.1} {tb}
15:12:48    158 --> ...                                  [tcl] gui_show_window -window ${Data.1}
15:12:48    159 --> ...                                      [tcl] catch { gui_list_select -id ${Data.1} {tb.outA tb.outB tb.outC tb.outD }}
15:12:48    160 --> ...                                          [tcl] gui_view_scroll -id ${Data.1} -vertical -set 0
15:12:48    161 --> ...                                              [tcl] gui_view_scroll -id ${Data.1} -horizontal -set 0
15:12:48    162 --> ...                                                  [tcl] gui_view_scroll -id ${Hier.1} -vertical -set 0
15:12:48    163 --> ...                                                      [tcl] gui_view_scroll -id ${Hier.1} -horizontal -set 0
15:12:48    164 --> ...                                                          [tcl] # Source 'Source.1'
15:12:48    165 --> ...                                                              [tcl] gui_src_value_annotate -id ${Source.1} -switch false
15:12:48    166 --> ...                                                                  [tcl] gui_set_env TOGGLE::VALUEANNOTATE 0
15:12:48    167 --> ...                                                                      [tcl] gui_open_source -id ${Source.1}  -replace -active tb /DCNFS/users/student/lkim/LAB1/tb.v
15:12:48    168 --> ...                                                                          [tcl] gui_view_scroll -id ${Source.1} -vertical -set 0
15:12:48    169 --> ...                                                                              [tcl] gui_src_set_reusable -id ${Source.1}
15:12:48    170 --> ...                                                                                  [tcl] # Restore toplevel window zorder
15:12:48    171 --> ...                                                                                      [tcl] # The toplevel window could be closed if it has no view/pane
15:12:48    172 --> ...                                                                                          [tcl] if {[gui_exist_window -window ${TopLevel.1}]} { 	gui_set_active_window -window ${TopLevel.1} 	gui_set_active_window -window ${Source.1} 	gui_set_active_window -window ${DLPane.1} }
15:12:48    173 --> ...                                                                                              [tcl] #</Session>
15:12:54    174 --> ...                                                                                                  [tcl] synopsys::dump -add {tb.outA tb.outB tb.outC tb.outD } -aggregates  -fid VPD1
15:12:58    175 --> ...  [tcl] synopsys::run
15:12:58    176 --> ...      [tcl] set ucliGUI::state
15:12:58    177 --> ...          [tcl] gui_update_simulator_buttons
15:12:58    178 --> ...              [tcl] set ucliGUI::state
15:12:58    179 --> ...                  [tcl] set ucliGUI::state
15:12:58    180 --> ...                      [tcl] set ucliGUI::state
15:12:58    181 --> ...                          [tcl] catch {senv activeDomain} dveMisc::result 
15:12:58    182 --> ...                              [tcl] set dveMisc::result
15:12:58    183 --> ...                                  [tcl] gui_update_simulator_buttons
15:14:22    184 --> ...                                      [tcl] if [catch {gui_sim_terminate}] {gui_sim_terminate -kill}
15:14:22    185 --> ...                                          [tcl] synopsys::finish
15:14:22    186 --> ...                                              [tcl] set ucliGUI::state
15:14:22    187 --> ...                                                  [tcl] gui_update_simulator_buttons
15:14:22    188 --> ...                                                      [tcl] set ucliGUI::state
15:14:22    189 --> ...                                                          [tcl] catch {senv activeDomain} dveMisc::result 
15:14:22    190 --> ...                                                              [tcl] set dveMisc::result
15:14:22    191 --> ...                                                                  [tcl] gui_update_simulator_buttons
15:14:22    192 --> ...                                                                      [tcl] catch {senv activeDomain} dveMisc::result 
15:14:22    193 --> ...                                                                          [tcl] set dveMisc::result
15:14:22    194 --> ...                                                                              [tcl] ucli_exit
