# Preference setting overrides
gui_create_pref_key -category {Globals} -key {load_detail_for_funcov} -value_type {bool} -value {false}

# State setting overrides
gui_state_default_create -off -ini
gui_set_state_value -category Layout -key child_console_size_x -value 1167
gui_set_state_value -category Layout -key child_console_size_y -value 179
gui_set_state_value -category Layout -key child_data_size_x -value 174
gui_set_state_value -category Layout -key child_data_size_y -value 434
gui_set_state_value -category Layout -key child_hier_col3 -value {-1}
gui_set_state_value -category Layout -key child_hier_colpd -value 0
gui_set_state_value -category Layout -key child_hier_size_x -value 174
gui_set_state_value -category Layout -key child_hier_size_y -value 434
gui_set_state_value -category Layout -key child_source_docknewline -value false
gui_set_state_value -category Layout -key child_source_pos_x -value {-2}
gui_set_state_value -category Layout -key child_source_pos_y -value {-15}
gui_set_state_value -category Layout -key child_source_size_x -value 822
gui_set_state_value -category Layout -key child_source_size_y -value 429
gui_set_state_value -category Layout -key child_wave_colname -value 121
gui_set_state_value -category Layout -key child_wave_colvalue -value 120
gui_set_state_value -category Layout -key child_wave_left -value 245
gui_set_state_value -category Layout -key child_wave_right -value 599
gui_set_state_value -category Layout -key main_pos_x -value 233
gui_set_state_value -category Layout -key main_pos_y -value 56
gui_set_state_value -category Layout -key main_size_x -value 1400
gui_set_state_value -category Layout -key main_size_y -value 764
gui_set_state_value -category Layout -key stand_wave_child_docknewline -value false
gui_set_state_value -category Layout -key stand_wave_child_pos_x -value {-2}
gui_set_state_value -category Layout -key stand_wave_child_pos_y -value {-15}
gui_set_state_value -category Layout -key stand_wave_child_size_x -value 854
gui_set_state_value -category Layout -key stand_wave_child_size_y -value 353
gui_set_state_value -category Layout -key stand_wave_top_pos_x -value 101
gui_set_state_value -category Layout -key stand_wave_top_pos_y -value 226
gui_set_state_value -category Layout -key stand_wave_top_size_y -value 725
gui_create_state_key -category FindDialog -key m_pMatchCase -value_type bool -value false
gui_create_state_key -category FindDialog -key m_pMatchWord -value_type bool -value false
gui_create_state_key -category FindDialog -key m_pUseCombo -value_type string -value {}
gui_create_state_key -category FindDialog -key m_pWrapAround -value_type bool -value true
gui_create_state_key -category Widget_History -key {dlgSimSetup|m_setupTab|tab pages|BuildTab|m_rebuildBtnGroup|m_customCmdCombo} -value_type string -value {{vcs -full64 -debug_accessa+all fba_tb.v four_bit_adder.v full_adder.v}}
gui_create_state_key -category Widget_History -key {dlgSimSetup|m_setupTab|tab pages|SimTab|m_VPDCombo} -value_type string -value inter.vpd
gui_create_state_key -category Widget_History -key {dlgSimSetup|m_setupTab|tab pages|SimTab|m_curDirCombo} -value_type string -value /DCNFS/users/student/lkim/TEST
gui_create_state_key -category Widget_History -key {dlgSimSetup|m_setupTab|tab pages|SimTab|m_exeCombo} -value_type string -value ./simv
gui_state_default_create -off

# Begin command logging
gui_sim_run Ucli -exe ./simv -args {-ucligui  } -dir .
gui_list_expand -id  Hier.1   tb
gui_list_expand -id  Hier.1   tb.DUT
gui_list_select -id Data.1 -selected  { {tb.outD[6:0]}   }
gui_list_select -id Data.1 -selected  { {tb.outA[6:0]}  {tb.outB[6:0]}  {tb.outC[6:0]}  {tb.outD[6:0]}   }
gui_open_window Wave
gui_list_add -id Wave.1 -from Data.1 { {tb.outA[6:0]} {tb.outB[6:0]} {tb.outC[6:0]} {tb.outD[6:0]} } -insertionbar
gui_wv_zoom_timerange -id  Wave.1 0 192
gui_wv_zoom_timerange -id  Wave.1 0 192
gui_wv_zoom_timerange -id  Wave.1 0 192
gui_wv_zoom_timerange -id  Wave.1 0 193
gui_wv_zoom_timerange -id  Wave.1 0 193
gui_wv_zoom_timerange -id  Wave.1 0 193
gui_wv_zoom_timerange -id  Wave.1 0 193
gui_wv_zoom_timerange -id  Wave.1 0 194
gui_wv_zoom_timerange -id  Wave.1 0 194
gui_sim_continue  
gui_wv_zoom_timerange -id  Wave.1 0 193
gui_wv_zoom_timerange -id  Wave.1 0 174
gui_wv_zoom_timerange -id  Wave.1 0 130
gui_wv_zoom_timerange -id  Wave.1 0 114
gui_wv_zoom_timerange -id  Wave.1 0 100
gui_wv_zoom_timerange -id  Wave.1 0 101
gui_wv_zoom_timerange -id  Wave.1 0 101
gui_wv_zoom_timerange -id  Wave.1 0 101
gui_wv_zoom_timerange -id  Wave.1 0 102
gui_wv_zoom_timerange -id  Wave.1 0 105
gui_wv_zoom_timerange -id  Wave.1 0 107
gui_wv_zoom_timerange -id  Wave.1 0 106
gui_wv_zoom_timerange -id  Wave.1 39 41
gui_marker_move -id  Wave.1 C1 40
gui_marker_move -id  Wave.1 C1 40
gui_zoom -window Wave.1 -factor 0.5
gui_zoom -window Wave.1 -factor 0.5
gui_marker_move -id  Wave.1 C1 41
gui_marker_move -id  Wave.1 C1 38
gui_zoom -window Wave.1 -factor 0.5
gui_zoom -window Wave.1 -full
gui_marker_move -id  Wave.1 C1 76
gui_marker_move -id  Wave.1 C1 39
gui_marker_select -id  Wave.1 { C1 }
gui_marker_move -id  Wave.1 C1 40
gui_close_window -window TopLevel.2
gui_sim_restart
gui_open_window Wave
gui_list_add -id Wave.1 -from Data.1 { {tb.outA[6:0]} {tb.outB[6:0]} {tb.outC[6:0]} {tb.outD[6:0]} } -insertionbar
gui_sim_continue  
gui_wv_zoom_timerange -id  Wave.1 0 106
gui_wv_zoom_timerange -id  Wave.1 0 110
gui_wv_zoom_timerange -id  Wave.1 0 245
gui_wv_zoom_timerange -id  Wave.1 0 250
gui_close_window -window TopLevel.1
